<?xml version="1.0" encoding="UTF-8"?>
<coverage generated="1635870262871" clover="3.2.0">
  <project timestamp="1635870262872" name="All files">
    <metrics statements="17" coveredstatements="16" conditionals="4" coveredconditionals="3" methods="7" coveredmethods="7" elements="28" coveredelements="26" complexity="0" loc="17" ncloc="17" packages="1" files="4" classes="4"/>
    <file name="task1.js" path="C:\Users\Jhilick\Desktop\Projects\Testing-practice\task1.js">
      <metrics statements="4" coveredstatements="3" conditionals="4" coveredconditionals="3" methods="1" coveredmethods="1"/>
      <line num="2" count="1" type="cond" truecount="3" falsecount="1"/>
      <line num="3" count="0" type="stmt"/>
      <line num="5" count="1" type="stmt"/>
      <line num="8" count="1" type="stmt"/>
    </file>
    <file name="task2.js" path="C:\Users\Jhilick\Desktop\Projects\Testing-practice\task2.js">
      <metrics statements="2" coveredstatements="2" conditionals="0" coveredconditionals="0" methods="1" coveredmethods="1"/>
      <line num="2" count="1" type="stmt"/>
      <line num="4" count="1" type="stmt"/>
    </file>
    <file name="task3.js" path="C:\Users\Jhilick\Desktop\Projects\Testing-practice\task3.js">
      <metrics statements="9" coveredstatements="9" conditionals="0" coveredconditionals="0" methods="4" coveredmethods="4"/>
      <line num="4" count="3" type="stmt"/>
      <line num="5" count="3" type="stmt"/>
      <line num="8" count="3" type="stmt"/>
      <line num="9" count="3" type="stmt"/>
      <line num="12" count="3" type="stmt"/>
      <line num="13" count="3" type="stmt"/>
      <line num="16" count="3" type="stmt"/>
      <line num="17" count="3" type="stmt"/>
      <line num="21" count="1" type="stmt"/>
    </file>
    <file name="task4.js" path="C:\Users\Jhilick\Desktop\Projects\Testing-practice\task4.js">
      <metrics statements="2" coveredstatements="2" conditionals="0" coveredconditionals="0" methods="1" coveredmethods="1"/>
      <line num="2" count="1" type="stmt"/>
      <line num="6" count="1" type="stmt"/>
    </file>
  </project>
</coverage>
