{"C:\\Users\\Jhilick\\Desktop\\Projects\\Testing-practice\\task1.js": {"path":"C:\\Users\\Jhilick\\Desktop\\Projects\\Testing-practice\\task1.js","statementMap":{"0":{"start":{"line":2,"column":4},"end":{"line":4,"column":5}},"1":{"start":{"line":3,"column":5},"end":{"line":3,"column":51}},"2":{"start":{"line":5,"column":4},"end":{"line":5,"column":22}},"3":{"start":{"line":8,"column":0},"end":{"line":8,"column":24}}},"fnMap":{"0":{"name":"strLen","decl":{"start":{"line":1,"column":9},"end":{"line":1,"column":15}},"loc":{"start":{"line":1,"column":20},"end":{"line":6,"column":1}},"line":1}},"branchMap":{"0":{"loc":{"start":{"line":2,"column":4},"end":{"line":4,"column":5}},"type":"if","locations":[{"start":{"line":2,"column":4},"end":{"line":4,"column":5}},{"start":{},"end":{}}],"line":2},"1":{"loc":{"start":{"line":2,"column":7},"end":{"line":2,"column":40}},"type":"binary-expr","locations":[{"start":{"line":2,"column":7},"end":{"line":2,"column":21}},{"start":{"line":2,"column":25},"end":{"line":2,"column":40}}],"line":2}},"s":{"0":1,"1":0,"2":1,"3":1},"f":{"0":1},"b":{"0":[0,1],"1":[1,1]},"_coverageSchema":"1a1c01bbd47fc00a2c39e90264f33305004495a9","hash":"df74b7f220d127475d2e8f77b78ed4f4929fbc0e"}
}
