TN:
SF:task1.js
FN:1,strLen
FNF:1
FNH:1
FNDA:1,strLen
DA:2,1
DA:3,0
DA:5,1
DA:8,1
LF:4
LH:3
BRDA:2,0,0,0
BRDA:2,0,1,1
BRDA:2,1,0,1
BRDA:2,1,1,1
BRF:4
BRH:3
end_of_record
TN:
SF:task2.js
FN:1,reverseStr
FNF:1
FNH:1
FNDA:1,reverseStr
DA:2,1
DA:4,1
LF:2
LH:2
BRF:0
BRH:0
end_of_record
TN:
SF:task3.js
FN:3,(anonymous_0)
FN:7,(anonymous_1)
FN:11,(anonymous_2)
FN:15,(anonymous_3)
FNF:4
FNH:4
FNDA:3,(anonymous_0)
FNDA:3,(anonymous_1)
FNDA:3,(anonymous_2)
FNDA:3,(anonymous_3)
DA:4,3
DA:5,3
DA:8,3
DA:9,3
DA:12,3
DA:13,3
DA:16,3
DA:17,3
DA:21,1
LF:9
LH:9
BRF:0
BRH:0
end_of_record
TN:
SF:task4.js
FN:1,capitalizeStr
FNF:1
FNH:1
FNDA:1,capitalizeStr
DA:2,1
DA:6,1
LF:2
LH:2
BRF:0
BRH:0
end_of_record
